mode: atomic
github.com/theartofdevel/logging/alias.go:44.48,46.2 1 1
github.com/theartofdevel/logging/alias.go:48.46,50.2 1 1
github.com/theartofdevel/logging/alias.go:52.44,54.2 1 1
github.com/theartofdevel/logging/alias.go:56.48,58.2 1 1
github.com/theartofdevel/logging/alias.go:60.30,62.2 1 1
github.com/theartofdevel/logging/context.go:13.77,15.2 1 4
github.com/theartofdevel/logging/context.go:18.58,19.56 1 7
github.com/theartofdevel/logging/context.go:19.56,21.3 1 3
github.com/theartofdevel/logging/context.go:23.2,23.23 1 4
github.com/theartofdevel/logging/example.go:7.15,36.2 13 1
github.com/theartofdevel/logging/example.go:38.39,42.2 1 1
github.com/theartofdevel/logging/example.go:44.18,49.2 2 1
github.com/theartofdevel/logging/logger.go:16.46,24.27 2 17
github.com/theartofdevel/logging/logger.go:24.27,26.3 1 19
github.com/theartofdevel/logging/logger.go:28.2,35.19 3 17
github.com/theartofdevel/logging/logger.go:35.19,37.3 1 13
github.com/theartofdevel/logging/logger.go:39.2,41.23 2 17
github.com/theartofdevel/logging/logger.go:41.23,43.3 1 15
github.com/theartofdevel/logging/logger.go:45.2,45.15 1 17
github.com/theartofdevel/logging/logger.go:58.43,59.32 1 6
github.com/theartofdevel/logging/logger.go:59.32,61.56 2 6
github.com/theartofdevel/logging/logger.go:61.56,63.4 1 1
github.com/theartofdevel/logging/logger.go:65.3,65.14 1 6
github.com/theartofdevel/logging/logger.go:70.49,71.32 1 6
github.com/theartofdevel/logging/logger.go:71.32,73.3 1 6
github.com/theartofdevel/logging/logger.go:77.43,78.32 1 5
github.com/theartofdevel/logging/logger.go:78.32,80.3 1 5
github.com/theartofdevel/logging/logger.go:84.51,85.32 1 2
github.com/theartofdevel/logging/logger.go:85.32,87.3 1 2
github.com/theartofdevel/logging/logger.go:91.60,93.29 2 2
github.com/theartofdevel/logging/logger.go:93.29,95.3 1 2
github.com/theartofdevel/logging/logger.go:97.2,97.15 1 2
github.com/theartofdevel/logging/logger.go:100.37,102.2 1 5
github.com/theartofdevel/logging/logger.go:104.24,106.2 1 7
